{"/Users/BBYmac/Softwares/github/COMP531/hw5/src/app.js":{"path":"/Users/BBYmac/Softwares/github/COMP531/hw5/src/app.js","s":{"1":1,"2":1,"3":1,"4":1,"5":1,"6":1,"7":1,"8":1,"9":1,"10":1,"11":1,"12":1,"13":1,"14":1,"15":1,"16":1,"17":6,"18":1,"19":0,"20":0,"21":0,"22":0,"23":0,"24":0,"25":0,"26":0,"27":1,"28":1,"29":0},"b":{"1":[5,1],"2":[6,6],"3":[0,0],"4":[0,0]},"f":{"1":6,"2":0,"3":0},"fnMap":{"1":{"name":"_interopRequireDefault","line":34,"loc":{"start":{"line":0,"column":0},"end":{"line":0,"column":0},"skip":true},"skip":true},"2":{"name":"App","line":36,"loc":{"start":{"line":9,"column":19},"end":{"line":9,"column":35}}},"3":{"name":"(anonymous_3)","line":60,"loc":{"start":{"line":34,"column":1},"end":{"line":34,"column":12}}}},"statementMap":{"1":{"start":{"line":0,"column":0},"end":{"line":0,"column":0},"skip":true},"2":{"start":{"line":0,"column":0},"end":{"line":0,"column":0},"skip":true},"3":{"start":{"line":1,"column":-15},"end":{"line":1,"column":-15}},"4":{"start":{"line":0,"column":0},"end":{"line":0,"column":0},"skip":true},"5":{"start":{"line":2,"column":0},"end":{"line":2,"column":0}},"6":{"start":{"line":3,"column":0},"end":{"line":3,"column":0}},"7":{"start":{"line":0,"column":0},"end":{"line":0,"column":0},"skip":true},"8":{"start":{"line":4,"column":0},"end":{"line":4,"column":0}},"9":{"start":{"line":0,"column":0},"end":{"line":0,"column":0},"skip":true},"10":{"start":{"line":5,"column":0},"end":{"line":5,"column":0}},"11":{"start":{"line":0,"column":0},"end":{"line":0,"column":0},"skip":true},"12":{"start":{"line":6,"column":0},"end":{"line":6,"column":0}},"13":{"start":{"line":0,"column":0},"end":{"line":0,"column":0},"skip":true},"14":{"start":{"line":7,"column":0},"end":{"line":7,"column":0}},"15":{"start":{"line":0,"column":0},"end":{"line":0,"column":0},"skip":true},"16":{"start":{"line":0,"column":0},"end":{"line":0,"column":0},"skip":true},"17":{"start":{"line":0,"column":0},"end":{"line":0,"column":0},"skip":true},"18":{"start":{"line":9,"column":7},"end":{"line":9,"column":7}},"19":{"start":{"line":9,"column":35},"end":{"line":9,"column":35}},"20":{"start":{"line":10,"column":1},"end":{"line":10,"column":1}},"21":{"start":{"line":11,"column":1},"end":{"line":19,"column":2}},"22":{"start":{"line":12,"column":2},"end":{"line":12,"column":2}},"23":{"start":{"line":14,"column":6},"end":{"line":19,"column":2}},"24":{"start":{"line":15,"column":2},"end":{"line":15,"column":2}},"25":{"start":{"line":18,"column":2},"end":{"line":18,"column":2}},"26":{"start":{"line":20,"column":1},"end":{"line":20,"column":1}},"27":{"start":{"line":29,"column":0},"end":{"line":29,"column":0}},"28":{"start":{"line":0,"column":0},"end":{"line":0,"column":0},"skip":true},"29":{"start":{"line":35,"column":2},"end":{"line":35,"column":2}}},"branchMap":{"1":{"line":34,"type":"cond-expr","locations":[{"start":{"line":0,"column":0},"end":{"line":0,"column":0},"skip":true},{"start":{"line":0,"column":0},"end":{"line":0,"column":0},"skip":true}]},"2":{"line":34,"type":"binary-expr","locations":[{"start":{"line":0,"column":0},"end":{"line":0,"column":0},"skip":true},{"start":{"line":0,"column":0},"end":{"line":0,"column":0},"skip":true}]},"3":{"line":40,"type":"if","locations":[{"start":{"line":11,"column":1},"end":{"line":11,"column":1}},{"start":{"line":11,"column":1},"end":{"line":11,"column":1}}]},"4":{"line":42,"type":"if","locations":[{"start":{"line":14,"column":6},"end":{"line":14,"column":6}},{"start":{"line":14,"column":6},"end":{"line":14,"column":6}}]}}},"/Users/BBYmac/Softwares/github/COMP531/hw5/src/components/landing/landing.js":{"path":"/Users/BBYmac/Softwares/github/COMP531/hw5/src/components/landing/landing.js","s":{"1":1,"2":1,"3":1,"4":1,"5":1,"6":1,"7":1,"8":1,"9":1,"10":1,"11":1,"12":1,"13":4,"14":1,"15":0,"16":0,"17":1,"18":1,"19":0},"b":{"1":[3,1],"2":[4,4],"3":[0,0]},"f":{"1":4,"2":0,"3":0},"fnMap":{"1":{"name":"_interopRequireDefault","line":26,"loc":{"start":{"line":0,"column":0},"end":{"line":0,"column":0},"skip":true},"skip":true},"2":{"name":"Landing","line":29,"loc":{"start":{"line":9,"column":23},"end":{"line":9,"column":23}}},"3":{"name":"(anonymous_3)","line":46,"loc":{"start":{"line":21,"column":23},"end":{"line":21,"column":32}}}},"statementMap":{"1":{"start":{"line":0,"column":0},"end":{"line":0,"column":0},"skip":true},"2":{"start":{"line":0,"column":0},"end":{"line":0,"column":0},"skip":true},"3":{"start":{"line":1,"column":-15},"end":{"line":1,"column":-15}},"4":{"start":{"line":0,"column":0},"end":{"line":0,"column":0},"skip":true},"5":{"start":{"line":2,"column":0},"end":{"line":2,"column":0}},"6":{"start":{"line":4,"column":0},"end":{"line":4,"column":0}},"7":{"start":{"line":0,"column":0},"end":{"line":0,"column":0},"skip":true},"8":{"start":{"line":5,"column":0},"end":{"line":5,"column":0}},"9":{"start":{"line":0,"column":0},"end":{"line":0,"column":0},"skip":true},"10":{"start":{"line":6,"column":0},"end":{"line":6,"column":0}},"11":{"start":{"line":0,"column":0},"end":{"line":0,"column":0},"skip":true},"12":{"start":{"line":0,"column":0},"end":{"line":0,"column":0},"skip":true},"13":{"start":{"line":0,"column":0},"end":{"line":0,"column":0},"skip":true},"14":{"start":{"line":9,"column":7},"end":{"line":9,"column":7}},"15":{"start":{"line":9,"column":23},"end":{"line":9,"column":23}},"16":{"start":{"line":9,"column":23},"end":{"line":9,"column":23}},"17":{"start":{"line":18,"column":0},"end":{"line":18,"column":0}},"18":{"start":{"line":0,"column":0},"end":{"line":0,"column":0},"skip":true},"19":{"start":{"line":22,"column":2},"end":{"line":22,"column":2}}},"branchMap":{"1":{"line":26,"type":"cond-expr","locations":[{"start":{"line":0,"column":0},"end":{"line":0,"column":0},"skip":true},{"start":{"line":0,"column":0},"end":{"line":0,"column":0},"skip":true}]},"2":{"line":26,"type":"binary-expr","locations":[{"start":{"line":0,"column":0},"end":{"line":0,"column":0},"skip":true},{"start":{"line":0,"column":0},"end":{"line":0,"column":0},"skip":true}]},"3":{"line":37,"type":"cond-expr","locations":[{"start":{"line":12,"column":9},"end":{"line":12,"column":4}},{"start":{"line":12,"column":38},"end":{"line":11,"column":2}}]}}},"/Users/BBYmac/Softwares/github/COMP531/hw5/src/components/error.js":{"path":"/Users/BBYmac/Softwares/github/COMP531/hw5/src/components/error.js","s":{"1":1,"2":1,"3":1,"4":1,"5":1,"6":1,"7":1,"8":1,"9":1,"10":0,"11":0,"12":0,"13":0,"14":0,"15":1,"16":1,"17":0,"18":0},"b":{"1":[0,1],"2":[1,1]},"f":{"1":1,"2":0,"3":0,"4":0,"5":0},"fnMap":{"1":{"name":"_interopRequireDefault","line":16,"loc":{"start":{"line":0,"column":0},"end":{"line":0,"column":0},"skip":true},"skip":true},"2":{"name":"ErrorPanel","line":19,"loc":{"start":{"line":6,"column":26},"end":{"line":6,"column":26}}},"3":{"name":"onClick","line":29,"loc":{"start":{"line":9,"column":11},"end":{"line":9,"column":17}}},"4":{"name":"(anonymous_4)","line":49,"loc":{"start":{"line":22,"column":29},"end":{"line":22,"column":41}}},"5":{"name":"errReset","line":51,"loc":{"start":{"line":24,"column":12},"end":{"line":24,"column":16}}}},"statementMap":{"1":{"start":{"line":0,"column":0},"end":{"line":0,"column":0},"skip":true},"2":{"start":{"line":0,"column":0},"end":{"line":0,"column":0},"skip":true},"3":{"start":{"line":1,"column":-15},"end":{"line":1,"column":-15}},"4":{"start":{"line":0,"column":0},"end":{"line":0,"column":0},"skip":true},"5":{"start":{"line":2,"column":0},"end":{"line":2,"column":0}},"6":{"start":{"line":4,"column":0},"end":{"line":4,"column":0}},"7":{"start":{"line":0,"column":0},"end":{"line":0,"column":0},"skip":true},"8":{"start":{"line":0,"column":0},"end":{"line":0,"column":0},"skip":true},"9":{"start":{"line":6,"column":7},"end":{"line":6,"column":7}},"10":{"start":{"line":6,"column":26},"end":{"line":6,"column":26}},"11":{"start":{"line":6,"column":26},"end":{"line":6,"column":26}},"12":{"start":{"line":6,"column":26},"end":{"line":6,"column":26}},"13":{"start":{"line":6,"column":26},"end":{"line":6,"column":26}},"14":{"start":{"line":10,"column":3},"end":{"line":10,"column":3}},"15":{"start":{"line":16,"column":0},"end":{"line":16,"column":0}},"16":{"start":{"line":0,"column":0},"end":{"line":0,"column":0},"skip":true},"17":{"start":{"line":23,"column":1},"end":{"line":23,"column":1}},"18":{"start":{"line":24,"column":17},"end":{"line":24,"column":17}}},"branchMap":{"1":{"line":16,"type":"cond-expr","locations":[{"start":{"line":0,"column":0},"end":{"line":0,"column":0},"skip":true},{"start":{"line":0,"column":0},"end":{"line":0,"column":0},"skip":true}]},"2":{"line":16,"type":"binary-expr","locations":[{"start":{"line":0,"column":0},"end":{"line":0,"column":0},"skip":true},{"start":{"line":0,"column":0},"end":{"line":0,"column":0},"skip":true}]}}},"/Users/BBYmac/Softwares/github/COMP531/hw5/src/components/utilActions.js":{"path":"/Users/BBYmac/Softwares/github/COMP531/hw5/src/components/utilActions.js","s":{"1":1,"2":1,"3":1,"4":1,"5":1,"6":1,"7":1,"8":1,"9":1,"10":1,"11":1,"12":0,"13":0,"14":0,"15":0,"16":1,"17":1,"18":1,"19":1,"20":1,"21":1},"b":{"1":[0,1],"2":[1,1]},"f":{"1":1,"2":1,"3":1,"4":0,"5":0,"6":1,"7":1,"8":1,"9":1},"fnMap":{"1":{"name":"_interopRequireDefault","line":16,"loc":{"start":{"line":0,"column":0},"end":{"line":0,"column":0},"skip":true},"skip":true},"2":{"name":"Logout","line":19,"loc":{"start":{"line":7,"column":22},"end":{"line":7,"column":28}}},"3":{"name":"(anonymous_3)","line":20,"loc":{"start":{"line":8,"column":8},"end":{"line":8,"column":20}}},"4":{"name":"(anonymous_4)","line":21,"loc":{"start":{"line":10,"column":8},"end":{"line":10,"column":12}}},"5":{"name":"(anonymous_5)","line":23,"loc":{"start":{"line":13,"column":9},"end":{"line":13,"column":16}}},"6":{"name":"NavigateTo","line":32,"loc":{"start":{"line":22,"column":26},"end":{"line":22,"column":40}}},"7":{"name":"(anonymous_7)","line":33,"loc":{"start":{"line":23,"column":8},"end":{"line":23,"column":20}}},"8":{"name":"ClearError","line":39,"loc":{"start":{"line":28,"column":26},"end":{"line":28,"column":32}}},"9":{"name":"(anonymous_9)","line":40,"loc":{"start":{"line":29,"column":8},"end":{"line":29,"column":20}}}},"statementMap":{"1":{"start":{"line":0,"column":0},"end":{"line":0,"column":0},"skip":true},"2":{"start":{"line":0,"column":0},"end":{"line":0,"column":0},"skip":true},"3":{"start":{"line":1,"column":-15},"end":{"line":1,"column":-15}},"4":{"start":{"line":0,"column":0},"end":{"line":0,"column":0},"skip":true},"5":{"start":{"line":2,"column":0},"end":{"line":2,"column":0}},"6":{"start":{"line":4,"column":0},"end":{"line":4,"column":0}},"7":{"start":{"line":0,"column":0},"end":{"line":0,"column":0},"skip":true},"8":{"start":{"line":0,"column":0},"end":{"line":0,"column":0},"skip":true},"9":{"start":{"line":7,"column":7},"end":{"line":7,"column":7}},"10":{"start":{"line":8,"column":1},"end":{"line":8,"column":1}},"11":{"start":{"line":9,"column":2},"end":{"line":9,"column":2}},"12":{"start":{"line":11,"column":3},"end":{"line":11,"column":3}},"13":{"start":{"line":14,"column":3},"end":{"line":14,"column":3}},"14":{"start":{"line":15,"column":3},"end":{"line":15,"column":3}},"15":{"start":{"line":16,"column":3},"end":{"line":16,"column":3}},"16":{"start":{"line":22,"column":7},"end":{"line":22,"column":7}},"17":{"start":{"line":23,"column":1},"end":{"line":23,"column":1}},"18":{"start":{"line":24,"column":2},"end":{"line":24,"column":2}},"19":{"start":{"line":28,"column":7},"end":{"line":28,"column":7}},"20":{"start":{"line":29,"column":1},"end":{"line":29,"column":1}},"21":{"start":{"line":30,"column":2},"end":{"line":30,"column":2}}},"branchMap":{"1":{"line":16,"type":"cond-expr","locations":[{"start":{"line":0,"column":0},"end":{"line":0,"column":0},"skip":true},{"start":{"line":0,"column":0},"end":{"line":0,"column":0},"skip":true}]},"2":{"line":16,"type":"binary-expr","locations":[{"start":{"line":0,"column":0},"end":{"line":0,"column":0},"skip":true},{"start":{"line":0,"column":0},"end":{"line":0,"column":0},"skip":true}]}}},"/Users/BBYmac/Softwares/github/COMP531/hw5/src/serverAccess.js":{"path":"/Users/BBYmac/Softwares/github/COMP531/hw5/src/serverAccess.js","s":{"1":1,"2":1,"3":1,"4":1,"5":1,"6":1,"7":1,"8":1,"9":5,"10":5,"11":4,"12":5,"13":4,"14":0,"15":0,"16":0,"17":4,"18":4,"19":1,"20":1},"b":{"1":[0,1],"2":[1,1],"3":[4,1],"4":[0,4],"5":[0,0]},"f":{"1":1,"2":5,"3":4},"fnMap":{"1":{"name":"_interopRequireDefault","line":12,"loc":{"start":{"line":0,"column":0},"end":{"line":0,"column":0},"skip":true},"skip":true},"2":{"name":"resource","line":22,"loc":{"start":{"line":10,"column":17},"end":{"line":10,"column":48}}},"3":{"name":"(anonymous_3)","line":32,"loc":{"start":{"line":21,"column":8},"end":{"line":21,"column":13}}}},"statementMap":{"1":{"start":{"line":0,"column":0},"end":{"line":0,"column":0},"skip":true},"2":{"start":{"line":0,"column":0},"end":{"line":0,"column":0},"skip":true},"3":{"start":{"line":1,"column":-15},"end":{"line":1,"column":-15}},"4":{"start":{"line":0,"column":0},"end":{"line":0,"column":0},"skip":true},"5":{"start":{"line":0,"column":0},"end":{"line":0,"column":0},"skip":true},"6":{"start":{"line":0,"column":0},"end":{"line":0,"column":0},"skip":true},"7":{"start":{"line":8,"column":0},"end":{"line":8,"column":0}},"8":{"start":{"line":10,"column":0},"end":{"line":10,"column":0}},"9":{"start":{"line":11,"column":1},"end":{"line":11,"column":1}},"10":{"start":{"line":18,"column":1},"end":{"line":18,"column":14}},"11":{"start":{"line":18,"column":14},"end":{"line":18,"column":14}},"12":{"start":{"line":20,"column":1},"end":{"line":20,"column":1}},"13":{"start":{"line":22,"column":3},"end":{"line":32,"column":3}},"14":{"start":{"line":23,"column":4},"end":{"line":27,"column":5}},"15":{"start":{"line":24,"column":5},"end":{"line":24,"column":5}},"16":{"start":{"line":26,"column":5},"end":{"line":26,"column":5}},"17":{"start":{"line":30,"column":3},"end":{"line":30,"column":3}},"18":{"start":{"line":31,"column":3},"end":{"line":31,"column":3}},"19":{"start":{"line":0,"column":0},"end":{"line":0,"column":0},"skip":true},"20":{"start":{"line":0,"column":0},"end":{"line":0,"column":0},"skip":true}},"branchMap":{"1":{"line":12,"type":"cond-expr","locations":[{"start":{"line":0,"column":0},"end":{"line":0,"column":0},"skip":true},{"start":{"line":0,"column":0},"end":{"line":0,"column":0},"skip":true}]},"2":{"line":12,"type":"binary-expr","locations":[{"start":{"line":0,"column":0},"end":{"line":0,"column":0},"skip":true},{"start":{"line":0,"column":0},"end":{"line":0,"column":0},"skip":true}]},"3":{"line":30,"type":"if","locations":[{"start":{"line":18,"column":1},"end":{"line":18,"column":1}},{"start":{"line":18,"column":1},"end":{"line":18,"column":1}}]},"4":{"line":33,"type":"if","locations":[{"start":{"line":22,"column":3},"end":{"line":22,"column":3}},{"start":{"line":22,"column":3},"end":{"line":22,"column":3}}]},"5":{"line":34,"type":"if","locations":[{"start":{"line":23,"column":4},"end":{"line":23,"column":4}},{"start":{"line":23,"column":4},"end":{"line":23,"column":4}}]}}},"/Users/BBYmac/Softwares/github/COMP531/hw5/src/components/landing/login.js":{"path":"/Users/BBYmac/Softwares/github/COMP531/hw5/src/components/landing/login.js","s":{"1":1,"2":1,"3":1,"4":1,"5":1,"6":1,"7":1,"8":1,"9":1,"10":2,"11":1,"12":0,"13":0,"14":0,"15":0,"16":0,"17":0,"18":0,"19":0,"20":1,"21":1,"22":0,"23":0,"24":0},"b":{"1":[1,1],"2":[2,2],"3":[0,0]},"f":{"1":2,"2":0,"3":0,"4":0,"5":0,"6":0,"7":0,"8":0},"fnMap":{"1":{"name":"_interopRequireDefault","line":20,"loc":{"start":{"line":0,"column":0},"end":{"line":0,"column":0},"skip":true},"skip":true},"2":{"name":"Login","line":23,"loc":{"start":{"line":8,"column":21},"end":{"line":8,"column":44}}},"3":{"name":"ref","line":55,"loc":{"start":{"line":19,"column":57},"end":{"line":19,"column":57}}},"4":{"name":"ref","line":71,"loc":{"start":{"line":25,"column":61},"end":{"line":25,"column":61}}},"5":{"name":"onClick","line":84,"loc":{"start":{"line":30,"column":76},"end":{"line":30,"column":81}}},"6":{"name":"(anonymous_6)","line":102,"loc":{"start":{"line":47,"column":23},"end":{"line":47,"column":32}}},"7":{"name":"(anonymous_7)","line":106,"loc":{"start":{"line":52,"column":1},"end":{"line":52,"column":14}}},"8":{"name":"onclick","line":108,"loc":{"start":{"line":54,"column":12},"end":{"line":54,"column":28}}}},"statementMap":{"1":{"start":{"line":0,"column":0},"end":{"line":0,"column":0},"skip":true},"2":{"start":{"line":0,"column":0},"end":{"line":0,"column":0},"skip":true},"3":{"start":{"line":1,"column":-15},"end":{"line":1,"column":-15}},"4":{"start":{"line":0,"column":0},"end":{"line":0,"column":0},"skip":true},"5":{"start":{"line":2,"column":0},"end":{"line":2,"column":0}},"6":{"start":{"line":4,"column":0},"end":{"line":4,"column":0}},"7":{"start":{"line":0,"column":0},"end":{"line":0,"column":0},"skip":true},"8":{"start":{"line":5,"column":0},"end":{"line":5,"column":0}},"9":{"start":{"line":0,"column":0},"end":{"line":0,"column":0},"skip":true},"10":{"start":{"line":0,"column":0},"end":{"line":0,"column":0},"skip":true},"11":{"start":{"line":8,"column":7},"end":{"line":8,"column":7}},"12":{"start":{"line":8,"column":44},"end":{"line":8,"column":44}},"13":{"start":{"line":8,"column":44},"end":{"line":8,"column":44}},"14":{"start":{"line":9,"column":1},"end":{"line":9,"column":1}},"15":{"start":{"line":10,"column":1},"end":{"line":10,"column":1}},"16":{"start":{"line":19,"column":57},"end":{"line":19,"column":57}},"17":{"start":{"line":25,"column":61},"end":{"line":25,"column":61}},"18":{"start":{"line":31,"column":8},"end":{"line":31,"column":8}},"19":{"start":{"line":32,"column":8},"end":{"line":32,"column":8}},"20":{"start":{"line":42,"column":0},"end":{"line":42,"column":0}},"21":{"start":{"line":0,"column":0},"end":{"line":0,"column":0},"skip":true},"22":{"start":{"line":48,"column":2},"end":{"line":48,"column":2}},"23":{"start":{"line":53,"column":2},"end":{"line":53,"column":2}},"24":{"start":{"line":55,"column":4},"end":{"line":55,"column":4}}},"branchMap":{"1":{"line":20,"type":"cond-expr","locations":[{"start":{"line":0,"column":0},"end":{"line":0,"column":0},"skip":true},{"start":{"line":0,"column":0},"end":{"line":0,"column":0},"skip":true}]},"2":{"line":20,"type":"binary-expr","locations":[{"start":{"line":0,"column":0},"end":{"line":0,"column":0},"skip":true},{"start":{"line":0,"column":0},"end":{"line":0,"column":0},"skip":true}]},"3":{"line":43,"type":"cond-expr","locations":[{"start":{"line":15,"column":16},"end":{"line":15,"column":6}},{"start":{"line":15,"column":74},"end":{"line":14,"column":4}}]}}},"/Users/BBYmac/Softwares/github/COMP531/hw5/src/components/landing/loginAction.js":{"path":"/Users/BBYmac/Softwares/github/COMP531/hw5/src/components/landing/loginAction.js","s":{"1":1,"2":1,"3":1,"4":1,"5":0,"6":0,"7":0,"8":0,"9":0,"10":0,"11":0,"12":0,"13":0,"14":0,"15":0,"16":0,"17":0,"18":0,"19":0,"20":0,"21":0,"22":1,"23":0,"24":0,"25":0,"26":0,"27":0,"28":1,"29":0,"30":0,"31":0,"32":0,"33":0,"34":0,"35":1,"36":1,"37":1,"38":1,"39":1,"40":1,"41":1,"42":0,"43":0,"44":0,"45":0,"46":0,"47":1,"48":1,"49":1,"50":3,"51":2,"52":2,"53":0,"54":0,"55":2,"56":1,"57":1,"58":1,"59":0,"60":0,"61":0,"62":0,"63":1,"64":0,"65":0,"66":0,"67":0,"68":0,"69":0,"70":0,"71":0,"72":0,"73":0,"74":0,"75":0,"76":0,"77":1,"78":0,"79":0,"80":0,"81":0,"82":0,"83":0,"84":0,"85":0,"86":0,"87":0,"88":0,"89":0,"90":1,"91":0,"92":0,"93":0,"94":0,"95":0},"b":{"1":[0,0],"2":[0,0],"3":[0,0],"4":[0,0],"5":[0,0],"6":[0,0],"7":[0,0],"8":[1,0],"9":[0,0],"10":[0,1],"11":[1,1],"12":[0,0],"13":[2,1],"14":[3,2]},"f":{"1":1,"2":0,"3":0,"4":0,"5":1,"6":0,"7":3,"8":2,"9":0,"10":2,"11":1,"12":0,"13":0,"14":0,"15":0,"16":0,"17":0,"18":0,"19":0,"20":0,"21":0,"22":0,"23":0,"24":0,"25":0,"26":0,"27":0,"28":0,"29":0,"30":0,"31":0,"32":0,"33":0,"34":0,"35":0},"fnMap":{"1":{"name":"(anonymous_1)","line":8,"loc":{"start":{"line":0,"column":0},"end":{"line":0,"column":0},"skip":true},"skip":true},"2":{"name":"sliceIterator","line":8,"loc":{"start":{"line":0,"column":0},"end":{"line":0,"column":0},"skip":true},"skip":true},"3":{"name":"(anonymous_3)","line":8,"loc":{"start":{"line":0,"column":0},"end":{"line":0,"column":0},"skip":true},"skip":true},"4":{"name":"(anonymous_4)","line":10,"loc":{"start":{"line":0,"column":0},"end":{"line":0,"column":0},"skip":true},"skip":true},"5":{"name":"_interopRequireDefault","line":20,"loc":{"start":{"line":0,"column":0},"end":{"line":0,"column":0},"skip":true},"skip":true},"6":{"name":"_toConsumableArray","line":22,"loc":{"start":{"line":0,"column":0},"end":{"line":0,"column":0},"skip":true},"skip":true},"7":{"name":"LocalLogin","line":28,"loc":{"start":{"line":10,"column":26},"end":{"line":10,"column":50}}},"8":{"name":"(anonymous_8)","line":30,"loc":{"start":{"line":12,"column":9},"end":{"line":12,"column":23}}},"9":{"name":"(anonymous_9)","line":31,"loc":{"start":{"line":14,"column":9},"end":{"line":14,"column":23}}},"10":{"name":"(anonymous_10)","line":34,"loc":{"start":{"line":17,"column":12},"end":{"line":17,"column":21}}},"11":{"name":"(anonymous_11)","line":39,"loc":{"start":{"line":22,"column":9},"end":{"line":22,"column":23}}},"12":{"name":"makeDict","line":45,"loc":{"start":{"line":28,"column":17},"end":{"line":28,"column":32}}},"13":{"name":"(anonymous_13)","line":47,"loc":{"start":{"line":30,"column":15},"end":{"line":30,"column":20}}},"14":{"name":"initialVisit","line":54,"loc":{"start":{"line":37,"column":21},"end":{"line":37,"column":45}}},"15":{"name":"(anonymous_15)","line":56,"loc":{"start":{"line":40,"column":7},"end":{"line":40,"column":16}}},"16":{"name":"(anonymous_16)","line":58,"loc":{"start":{"line":45,"column":9},"end":{"line":45,"column":9}}},"17":{"name":"(anonymous_17)","line":60,"loc":{"start":{"line":48,"column":9},"end":{"line":48,"column":9}}},"18":{"name":"(anonymous_18)","line":62,"loc":{"start":{"line":51,"column":9},"end":{"line":51,"column":16}}},"19":{"name":"(anonymous_19)","line":63,"loc":{"start":{"line":52,"column":28},"end":{"line":52,"column":28}}},"20":{"name":"(anonymous_20)","line":66,"loc":{"start":{"line":54,"column":8},"end":{"line":54,"column":15}}},"21":{"name":"(anonymous_21)","line":68,"loc":{"start":{"line":56,"column":28},"end":{"line":56,"column":39}}},"22":{"name":"(anonymous_22)","line":71,"loc":{"start":{"line":58,"column":9},"end":{"line":58,"column":9}}},"23":{"name":"(anonymous_23)","line":79,"loc":{"start":{"line":64,"column":8},"end":{"line":64,"column":15}}},"24":{"name":"getMinorInfo","line":85,"loc":{"start":{"line":70,"column":21},"end":{"line":70,"column":43}}},"25":{"name":"(anonymous_25)","line":86,"loc":{"start":{"line":74,"column":7},"end":{"line":74,"column":14}}},"26":{"name":"(anonymous_26)","line":88,"loc":{"start":{"line":77,"column":8},"end":{"line":77,"column":12}}},"27":{"name":"(anonymous_27)","line":90,"loc":{"start":{"line":82,"column":7},"end":{"line":82,"column":14}}},"28":{"name":"(anonymous_28)","line":92,"loc":{"start":{"line":85,"column":8},"end":{"line":85,"column":12}}},"29":{"name":"(anonymous_29)","line":94,"loc":{"start":{"line":90,"column":7},"end":{"line":90,"column":14}}},"30":{"name":"(anonymous_30)","line":96,"loc":{"start":{"line":93,"column":8},"end":{"line":93,"column":12}}},"31":{"name":"(anonymous_31)","line":98,"loc":{"start":{"line":96,"column":7},"end":{"line":96,"column":37}}},"32":{"name":"getCommentAvatars","line":109,"loc":{"start":{"line":102,"column":26},"end":{"line":102,"column":39}}},"33":{"name":"(anonymous_33)","line":110,"loc":{"start":{"line":103,"column":34},"end":{"line":103,"column":34}}},"34":{"name":"(anonymous_34)","line":111,"loc":{"start":{"line":104,"column":18},"end":{"line":104,"column":18}}},"35":{"name":"(anonymous_35)","line":116,"loc":{"start":{"line":107,"column":7},"end":{"line":107,"column":7}}}},"statementMap":{"1":{"start":{"line":0,"column":0},"end":{"line":0,"column":0},"skip":true},"2":{"start":{"line":0,"column":0},"end":{"line":0,"column":0},"skip":true},"3":{"start":{"line":0,"column":0},"end":{"line":0,"column":0},"skip":true},"4":{"start":{"line":0,"column":0},"end":{"line":0,"column":0},"skip":true},"5":{"start":{"line":0,"column":0},"end":{"line":0,"column":0},"skip":true},"6":{"start":{"line":0,"column":0},"end":{"line":0,"column":0},"skip":true},"7":{"start":{"line":0,"column":0},"end":{"line":0,"column":0},"skip":true},"8":{"start":{"line":0,"column":0},"end":{"line":0,"column":0},"skip":true},"9":{"start":{"line":0,"column":0},"end":{"line":0,"column":0},"skip":true},"10":{"start":{"line":0,"column":0},"end":{"line":0,"column":0},"skip":true},"11":{"start":{"line":0,"column":0},"end":{"line":0,"column":0},"skip":true},"12":{"start":{"line":0,"column":0},"end":{"line":0,"column":0},"skip":true},"13":{"start":{"line":0,"column":0},"end":{"line":0,"column":0},"skip":true},"14":{"start":{"line":0,"column":0},"end":{"line":0,"column":0},"skip":true},"15":{"start":{"line":0,"column":0},"end":{"line":0,"column":0},"skip":true},"16":{"start":{"line":0,"column":0},"end":{"line":0,"column":0},"skip":true},"17":{"start":{"line":0,"column":0},"end":{"line":0,"column":0},"skip":true},"18":{"start":{"line":0,"column":0},"end":{"line":0,"column":0},"skip":true},"19":{"start":{"line":0,"column":0},"end":{"line":0,"column":0},"skip":true},"20":{"start":{"line":0,"column":0},"end":{"line":0,"column":0},"skip":true},"21":{"start":{"line":0,"column":0},"end":{"line":0,"column":0},"skip":true},"22":{"start":{"line":0,"column":0},"end":{"line":0,"column":0},"skip":true},"23":{"start":{"line":0,"column":0},"end":{"line":0,"column":0},"skip":true},"24":{"start":{"line":0,"column":0},"end":{"line":0,"column":0},"skip":true},"25":{"start":{"line":0,"column":0},"end":{"line":0,"column":0},"skip":true},"26":{"start":{"line":0,"column":0},"end":{"line":0,"column":0},"skip":true},"27":{"start":{"line":0,"column":0},"end":{"line":0,"column":0},"skip":true},"28":{"start":{"line":0,"column":0},"end":{"line":0,"column":0},"skip":true},"29":{"start":{"line":0,"column":0},"end":{"line":0,"column":0},"skip":true},"30":{"start":{"line":0,"column":0},"end":{"line":0,"column":0},"skip":true},"31":{"start":{"line":0,"column":0},"end":{"line":0,"column":0},"skip":true},"32":{"start":{"line":0,"column":0},"end":{"line":0,"column":0},"skip":true},"33":{"start":{"line":0,"column":0},"end":{"line":0,"column":0},"skip":true},"34":{"start":{"line":0,"column":0},"end":{"line":0,"column":0},"skip":true},"35":{"start":{"line":4,"column":0},"end":{"line":4,"column":0}},"36":{"start":{"line":0,"column":0},"end":{"line":0,"column":0},"skip":true},"37":{"start":{"line":5,"column":0},"end":{"line":5,"column":0}},"38":{"start":{"line":7,"column":0},"end":{"line":7,"column":0}},"39":{"start":{"line":0,"column":0},"end":{"line":0,"column":0},"skip":true},"40":{"start":{"line":0,"column":0},"end":{"line":0,"column":0},"skip":true},"41":{"start":{"line":0,"column":0},"end":{"line":0,"column":0},"skip":true},"42":{"start":{"line":0,"column":0},"end":{"line":0,"column":0},"skip":true},"43":{"start":{"line":0,"column":0},"end":{"line":0,"column":0},"skip":true},"44":{"start":{"line":0,"column":0},"end":{"line":0,"column":0},"skip":true},"45":{"start":{"line":0,"column":0},"end":{"line":0,"column":0},"skip":true},"46":{"start":{"line":0,"column":0},"end":{"line":0,"column":0},"skip":true},"47":{"start":{"line":1,"column":-15},"end":{"line":1,"column":-15}},"48":{"start":{"line":2,"column":0},"end":{"line":2,"column":0}},"49":{"start":{"line":10,"column":7},"end":{"line":10,"column":7}},"50":{"start":{"line":11,"column":1},"end":{"line":25,"column":2}},"51":{"start":{"line":12,"column":2},"end":{"line":12,"column":2}},"52":{"start":{"line":13,"column":3},"end":{"line":13,"column":3}},"53":{"start":{"line":15,"column":4},"end":{"line":15,"column":4}},"54":{"start":{"line":16,"column":4},"end":{"line":16,"column":4}},"55":{"start":{"line":18,"column":4},"end":{"line":18,"column":4}},"56":{"start":{"line":22,"column":2},"end":{"line":22,"column":2}},"57":{"start":{"line":23,"column":3},"end":{"line":23,"column":3}},"58":{"start":{"line":28,"column":0},"end":{"line":28,"column":0}},"59":{"start":{"line":29,"column":2},"end":{"line":29,"column":2}},"60":{"start":{"line":30,"column":2},"end":{"line":30,"column":2}},"61":{"start":{"line":31,"column":3},"end":{"line":31,"column":3}},"62":{"start":{"line":33,"column":2},"end":{"line":33,"column":2}},"63":{"start":{"line":37,"column":0},"end":{"line":37,"column":0}},"64":{"start":{"line":39,"column":1},"end":{"line":39,"column":1}},"65":{"start":{"line":41,"column":2},"end":{"line":41,"column":2}},"66":{"start":{"line":42,"column":2},"end":{"line":42,"column":2}},"67":{"start":{"line":45,"column":9},"end":{"line":45,"column":9}},"68":{"start":{"line":48,"column":9},"end":{"line":48,"column":9}},"69":{"start":{"line":52,"column":4},"end":{"line":52,"column":4}},"70":{"start":{"line":52,"column":28},"end":{"line":52,"column":28}},"71":{"start":{"line":55,"column":3},"end":{"line":55,"column":3}},"72":{"start":{"line":56,"column":40},"end":{"line":56,"column":40}},"73":{"start":{"line":57,"column":3},"end":{"line":57,"column":3}},"74":{"start":{"line":58,"column":9},"end":{"line":58,"column":9}},"75":{"start":{"line":59,"column":3},"end":{"line":59,"column":3}},"76":{"start":{"line":65,"column":2},"end":{"line":65,"column":2}},"77":{"start":{"line":70,"column":0},"end":{"line":70,"column":0}},"78":{"start":{"line":71,"column":1},"end":{"line":71,"column":1}},"79":{"start":{"line":75,"column":2},"end":{"line":75,"column":2}},"80":{"start":{"line":78,"column":2},"end":{"line":78,"column":2}},"81":{"start":{"line":83,"column":2},"end":{"line":83,"column":2}},"82":{"start":{"line":86,"column":2},"end":{"line":86,"column":2}},"83":{"start":{"line":91,"column":2},"end":{"line":91,"column":2}},"84":{"start":{"line":94,"column":2},"end":{"line":94,"column":2}},"85":{"start":{"line":96,"column":37},"end":{"line":96,"column":37}},"86":{"start":{"line":96,"column":37},"end":{"line":96,"column":37}},"87":{"start":{"line":96,"column":37},"end":{"line":96,"column":37}},"88":{"start":{"line":96,"column":37},"end":{"line":96,"column":37}},"89":{"start":{"line":97,"column":3},"end":{"line":97,"column":3}},"90":{"start":{"line":102,"column":0},"end":{"line":102,"column":0}},"91":{"start":{"line":103,"column":1},"end":{"line":103,"column":1}},"92":{"start":{"line":103,"column":34},"end":{"line":103,"column":34}},"93":{"start":{"line":104,"column":18},"end":{"line":104,"column":18}},"94":{"start":{"line":106,"column":1},"end":{"line":106,"column":1}},"95":{"start":{"line":107,"column":7},"end":{"line":107,"column":7}}},"branchMap":{"1":{"line":8,"type":"if","locations":[{"start":{"line":0,"column":0},"end":{"line":0,"column":0},"skip":true},{"start":{"line":0,"column":0},"end":{"line":0,"column":0},"skip":true}]},"2":{"line":8,"type":"binary-expr","locations":[{"start":{"line":0,"column":0},"end":{"line":0,"column":0},"skip":true},{"start":{"line":0,"column":0},"end":{"line":0,"column":0},"skip":true}]},"3":{"line":8,"type":"if","locations":[{"start":{"line":0,"column":0},"end":{"line":0,"column":0},"skip":true},{"start":{"line":0,"column":0},"end":{"line":0,"column":0},"skip":true}]},"4":{"line":8,"type":"binary-expr","locations":[{"start":{"line":0,"column":0},"end":{"line":0,"column":0},"skip":true},{"start":{"line":0,"column":0},"end":{"line":0,"column":0},"skip":true}]},"5":{"line":8,"type":"if","locations":[{"start":{"line":0,"column":0},"end":{"line":0,"column":0},"skip":true},{"start":{"line":0,"column":0},"end":{"line":0,"column":0},"skip":true}]},"6":{"line":8,"type":"if","locations":[{"start":{"line":0,"column":0},"end":{"line":0,"column":0},"skip":true},{"start":{"line":0,"column":0},"end":{"line":0,"column":0},"skip":true}]},"7":{"line":8,"type":"if","locations":[{"start":{"line":0,"column":0},"end":{"line":0,"column":0},"skip":true},{"start":{"line":0,"column":0},"end":{"line":0,"column":0},"skip":true}]},"8":{"line":10,"type":"binary-expr","locations":[{"start":{"line":0,"column":0},"end":{"line":0,"column":0},"skip":true},{"start":{"line":0,"column":0},"end":{"line":0,"column":0},"skip":true}]},"9":{"line":10,"type":"if","locations":[{"start":{"line":0,"column":0},"end":{"line":0,"column":0},"skip":true},{"start":{"line":0,"column":0},"end":{"line":0,"column":0},"skip":true}]},"10":{"line":20,"type":"cond-expr","locations":[{"start":{"line":0,"column":0},"end":{"line":0,"column":0},"skip":true},{"start":{"line":0,"column":0},"end":{"line":0,"column":0},"skip":true}]},"11":{"line":20,"type":"binary-expr","locations":[{"start":{"line":0,"column":0},"end":{"line":0,"column":0},"skip":true},{"start":{"line":0,"column":0},"end":{"line":0,"column":0},"skip":true}]},"12":{"line":22,"type":"if","locations":[{"start":{"line":0,"column":0},"end":{"line":0,"column":0},"skip":true},{"start":{"line":0,"column":0},"end":{"line":0,"column":0},"skip":true}]},"13":{"line":29,"type":"if","locations":[{"start":{"line":11,"column":1},"end":{"line":11,"column":1}},{"start":{"line":11,"column":1},"end":{"line":11,"column":1}}]},"14":{"line":29,"type":"binary-expr","locations":[{"start":{"line":11,"column":5},"end":{"line":11,"column":5}},{"start":{"line":11,"column":17},"end":{"line":11,"column":1}}]}}}}